  [1m[35m (50.3ms)[0m  [1m[35mCREATE DATABASE "social_media_demo_development" ENCODING = 'unicode'[0m
  [1m[35m (54.5ms)[0m  [1m[35mCREATE DATABASE "social_media_demo_test" ENCODING = 'unicode'[0m
  [1m[35m (7.2ms)[0m  [1m[35mCREATE TABLE "schema_migrations" ("version" character varying NOT NULL PRIMARY KEY)[0m
  [1m[35m (5.3ms)[0m  [1m[35mCREATE TABLE "ar_internal_metadata" ("key" character varying NOT NULL PRIMARY KEY, "value" character varying, "created_at" timestamp(6) NOT NULL, "updated_at" timestamp(6) NOT NULL)[0m
  [1m[35m (0.2ms)[0m  [1m[34mSELECT pg_try_advisory_lock(2915369454044542110)[0m
  [1m[36mActiveRecord::SchemaMigration Load (0.7ms)[0m  [1m[34mSELECT "schema_migrations"."version" FROM "schema_migrations" ORDER BY "schema_migrations"."version" ASC[0m
  [1m[36mActiveRecord::InternalMetadata Load (0.9ms)[0m  [1m[34mSELECT * FROM "ar_internal_metadata" WHERE "ar_internal_metadata"."key" = $1 ORDER BY "ar_internal_metadata"."key" ASC LIMIT 1[0m  [[nil, "environment"]]
  [1m[36mActiveRecord::InternalMetadata Create (2.7ms)[0m  [1m[32mINSERT INTO "ar_internal_metadata" ("key", "value", "created_at", "updated_at") VALUES ('environment', 'development', '2024-04-15 12:06:49.340738', '2024-04-15 12:06:49.340743') RETURNING "key"[0m
  [1m[35m (0.4ms)[0m  [1m[34mSELECT pg_advisory_unlock(2915369454044542110)[0m
  [1m[36mActiveRecord::SchemaMigration Load (0.2ms)[0m  [1m[34mSELECT "schema_migrations"."version" FROM "schema_migrations" ORDER BY "schema_migrations"."version" ASC[0m
Started GET "/" for 127.0.0.1 at 2024-04-15 18:07:46 +0600
  [1m[36mActiveRecord::SchemaMigration Load (1.2ms)[0m  [1m[34mSELECT "schema_migrations"."version" FROM "schema_migrations" ORDER BY "schema_migrations"."version" ASC[0m
Processing by Rails::WelcomeController#index as HTML
  Rendering /home/asdasd/.rbenv/versions/3.3.0/lib/ruby/gems/3.3.0/gems/railties-7.1.3.2/lib/rails/templates/rails/welcome/index.html.erb
  Rendered /home/asdasd/.rbenv/versions/3.3.0/lib/ruby/gems/3.3.0/gems/railties-7.1.3.2/lib/rails/templates/rails/welcome/index.html.erb (Duration: 1.7ms | Allocations: 375)
Completed 200 OK in 44ms (Views: 14.5ms | ActiveRecord: 0.0ms | Allocations: 7751)


  [1m[35m (0.2ms)[0m  [1m[34mSELECT pg_try_advisory_lock(2915369454044542110)[0m
  [1m[36mActiveRecord::SchemaMigration Load (0.7ms)[0m  [1m[34mSELECT "schema_migrations"."version" FROM "schema_migrations" ORDER BY "schema_migrations"."version" ASC[0m
  [1m[36mActiveRecord::InternalMetadata Load (0.9ms)[0m  [1m[34mSELECT * FROM "ar_internal_metadata" WHERE "ar_internal_metadata"."key" = $1 ORDER BY "ar_internal_metadata"."key" ASC LIMIT 1[0m  [[nil, "environment"]]
Migrating to CreateUsers (20240415130013)
  [1m[36mTRANSACTION (0.1ms)[0m  [1m[35mBEGIN[0m
  [1m[35m (9.7ms)[0m  [1m[35mCREATE TABLE "users" ("id" bigserial primary key, "username" character varying, "bio" text, "location" character varying, "created_at" timestamp(6) NOT NULL, "updated_at" timestamp(6) NOT NULL)[0m
  [1m[35m (2.1ms)[0m  [1m[35mCREATE UNIQUE INDEX "index_users_on_username" ON "users" ("username")[0m
  [1m[36mActiveRecord::SchemaMigration Create (0.6ms)[0m  [1m[32mINSERT INTO "schema_migrations" ("version") VALUES ('20240415130013') RETURNING "version"[0m
  [1m[36mTRANSACTION (1.7ms)[0m  [1m[35mCOMMIT[0m
Migrating to AddDeviseToUsers (20240415130231)
  [1m[36mTRANSACTION (0.3ms)[0m  [1m[35mBEGIN[0m
  [1m[35m (0.7ms)[0m  [1m[35mALTER TABLE "users" ADD "email" character varying DEFAULT '' NOT NULL[0m
  [1m[35m (0.6ms)[0m  [1m[35mALTER TABLE "users" ADD "encrypted_password" character varying DEFAULT '' NOT NULL[0m
  [1m[35m (0.4ms)[0m  [1m[35mALTER TABLE "users" ADD "reset_password_token" character varying[0m
  [1m[35m (0.8ms)[0m  [1m[35mALTER TABLE "users" ADD "reset_password_sent_at" timestamp(6)[0m
  [1m[35m (0.5ms)[0m  [1m[35mALTER TABLE "users" ADD "remember_created_at" timestamp(6)[0m
  [1m[35m (4.1ms)[0m  [1m[35mCREATE UNIQUE INDEX "index_users_on_email" ON "users" ("email")[0m
  [1m[35m (2.4ms)[0m  [1m[35mCREATE UNIQUE INDEX "index_users_on_reset_password_token" ON "users" ("reset_password_token")[0m
  [1m[36mActiveRecord::SchemaMigration Create (0.4ms)[0m  [1m[32mINSERT INTO "schema_migrations" ("version") VALUES ('20240415130231') RETURNING "version"[0m
  [1m[36mTRANSACTION (0.8ms)[0m  [1m[35mCOMMIT[0m
  [1m[35m (0.4ms)[0m  [1m[34mSELECT pg_advisory_unlock(2915369454044542110)[0m
  [1m[36mActiveRecord::SchemaMigration Load (0.3ms)[0m  [1m[34mSELECT "schema_migrations"."version" FROM "schema_migrations" ORDER BY "schema_migrations"."version" ASC[0m
Started GET "/" for 127.0.0.1 at 2024-04-15 19:03:47 +0600
  [1m[36mActiveRecord::SchemaMigration Load (0.8ms)[0m  [1m[34mSELECT "schema_migrations"."version" FROM "schema_migrations" ORDER BY "schema_migrations"."version" ASC[0m
Processing by Rails::WelcomeController#index as HTML
  Rendering /home/asdasd/.rbenv/versions/3.3.0/lib/ruby/gems/3.3.0/gems/railties-7.1.3.2/lib/rails/templates/rails/welcome/index.html.erb
  Rendered /home/asdasd/.rbenv/versions/3.3.0/lib/ruby/gems/3.3.0/gems/railties-7.1.3.2/lib/rails/templates/rails/welcome/index.html.erb (Duration: 1.4ms | Allocations: 373)
Completed 200 OK in 25ms (Views: 6.7ms | ActiveRecord: 0.0ms | Allocations: 5399)


Started GET "/users/sign_up" for 127.0.0.1 at 2024-04-15 19:03:57 +0600
Processing by Devise::RegistrationsController#new as HTML
  Rendering layout layouts/application.html.erb
  Rendering /home/asdasd/.rbenv/versions/3.3.0/lib/ruby/gems/3.3.0/gems/devise-4.9.4/app/views/devise/registrations/new.html.erb within layouts/application
  Rendered /home/asdasd/.rbenv/versions/3.3.0/lib/ruby/gems/3.3.0/gems/devise-4.9.4/app/views/devise/shared/_error_messages.html.erb (Duration: 1.0ms | Allocations: 227)
  Rendered /home/asdasd/.rbenv/versions/3.3.0/lib/ruby/gems/3.3.0/gems/devise-4.9.4/app/views/devise/shared/_links.html.erb (Duration: 2.0ms | Allocations: 510)
  Rendered /home/asdasd/.rbenv/versions/3.3.0/lib/ruby/gems/3.3.0/gems/devise-4.9.4/app/views/devise/registrations/new.html.erb within layouts/application (Duration: 25.5ms | Allocations: 4247)
  Rendered layout layouts/application.html.erb (Duration: 446.8ms | Allocations: 97464)
Completed 200 OK in 560ms (Views: 453.6ms | ActiveRecord: 19.1ms | Allocations: 117571)


Started GET "/users/sign_in" for 127.0.0.1 at 2024-04-15 19:04:13 +0600
Processing by Devise::SessionsController#new as HTML
  Rendering layout layouts/application.html.erb
  Rendering /home/asdasd/.rbenv/versions/3.3.0/lib/ruby/gems/3.3.0/gems/devise-4.9.4/app/views/devise/sessions/new.html.erb within layouts/application
  Rendered /home/asdasd/.rbenv/versions/3.3.0/lib/ruby/gems/3.3.0/gems/devise-4.9.4/app/views/devise/shared/_links.html.erb (Duration: 0.5ms | Allocations: 132)
  Rendered /home/asdasd/.rbenv/versions/3.3.0/lib/ruby/gems/3.3.0/gems/devise-4.9.4/app/views/devise/sessions/new.html.erb within layouts/application (Duration: 8.3ms | Allocations: 1706)
  Rendered layout layouts/application.html.erb (Duration: 10.8ms | Allocations: 2775)
Completed 200 OK in 29ms (Views: 12.3ms | ActiveRecord: 0.0ms | Allocations: 6679)


Started GET "/users/sign_in" for 127.0.0.1 at 2024-04-15 19:04:13 +0600
Processing by Devise::SessionsController#new as HTML
  Rendering layout layouts/application.html.erb
  Rendering /home/asdasd/.rbenv/versions/3.3.0/lib/ruby/gems/3.3.0/gems/devise-4.9.4/app/views/devise/sessions/new.html.erb within layouts/application
  Rendered /home/asdasd/.rbenv/versions/3.3.0/lib/ruby/gems/3.3.0/gems/devise-4.9.4/app/views/devise/shared/_links.html.erb (Duration: 0.3ms | Allocations: 111)
  Rendered /home/asdasd/.rbenv/versions/3.3.0/lib/ruby/gems/3.3.0/gems/devise-4.9.4/app/views/devise/sessions/new.html.erb within layouts/application (Duration: 2.3ms | Allocations: 889)
  Rendered layout layouts/application.html.erb (Duration: 5.5ms | Allocations: 1955)
Completed 200 OK in 8ms (Views: 6.3ms | ActiveRecord: 0.0ms | Allocations: 2568)


